[debug] [2018-02-01T10:23:43.790Z] ----------------------------------------------------------------------
[debug] [2018-02-01T10:23:43.793Z] Command:       C:\Program Files\nodejs\node.exe C:\Users\erwin\AppData\Roaming\npm\node_modules\firebase-tools\bin\firebase init
[debug] [2018-02-01T10:23:43.793Z] CLI Version:   3.17.4
[debug] [2018-02-01T10:23:43.793Z] Platform:      win32
[debug] [2018-02-01T10:23:43.793Z] Node Version:  v6.10.3
[debug] [2018-02-01T10:23:43.794Z] Time:          Thu Feb 01 2018 18:23:43 GMT+0800 (W. Australia Standard Time)
[debug] [2018-02-01T10:23:43.794Z] ----------------------------------------------------------------------
[debug] 
[debug] [2018-02-01T10:23:43.808Z] > command requires scopes: ["email","openid","https://www.googleapis.com/auth/cloudplatformprojects.readonly","https://www.googleapis.com/auth/firebase"]
[debug] [2018-02-01T10:23:43.809Z] > authorizing via signed-in user
[info] 
     ######## #### ########  ######## ########     ###     ######  ########
     ##        ##  ##     ## ##       ##     ##  ##   ##  ##       ##
     ######    ##  ########  ######   ########  #########  ######  ######
     ##        ##  ##    ##  ##       ##     ## ##     ##       ## ##
     ##       #### ##     ## ######## ########  ##     ##  ######  ########

You're about to initialize a Firebase project in this directory:

  D:\SELF LEARNING\JAVASCRIPT\ANGULAR4\ang-angFire

Before we get started, keep in mind:

  * You are initializing in an existing Firebase project directory

